#! /usr/local/Cellar/icarus-verilog/11.0/bin/vvp
:ivl_version "11.0 (stable)";
:ivl_delay_selection "TYPICAL";
:vpi_time_precision - 12;
:vpi_module "/usr/local/Cellar/icarus-verilog/11.0/lib/ivl/system.vpi";
:vpi_module "/usr/local/Cellar/icarus-verilog/11.0/lib/ivl/vhdl_sys.vpi";
:vpi_module "/usr/local/Cellar/icarus-verilog/11.0/lib/ivl/vhdl_textio.vpi";
:vpi_module "/usr/local/Cellar/icarus-verilog/11.0/lib/ivl/v2005_math.vpi";
:vpi_module "/usr/local/Cellar/icarus-verilog/11.0/lib/ivl/va_math.vpi";
:vpi_module "/usr/local/Cellar/icarus-verilog/11.0/lib/ivl/v2009.vpi";
S_0x7fe31ce04fb0 .scope package, "$unit" "$unit" 2 1;
 .timescale 0 0;
S_0x7fe31ce05120 .scope module, "FIFO_tb" "FIFO_tb" 3 4;
 .timescale -9 -12;
v0x7fe31ce19b10_0 .net "assigned", 8 0, v0x7fe31ce18e00_0;  1 drivers
v0x7fe31ce19bf0_0 .var "clk", 0 0;
v0x7fe31ce19c80_0 .var "line_ind", 2 0;
v0x7fe31ce19d10_0 .net "new_option_num", 0 0, v0x7fe31ce19400_0;  1 drivers
v0x7fe31ce19dc0_0 .var "option", 2 0;
v0x7fe31ce19ed0_0 .var "option_num", 3 0;
v0x7fe31ce19f60_0 .net "put_back_to_FIFO", 0 0, v0x7fe31ce195f0_0;  1 drivers
v0x7fe31ce19ff0_0 .var "row", 0 0;
v0x7fe31ce1a0a0_0 .var "rst", 0 0;
v0x7fe31ce1a1b0_0 .var "valid_op", 0 0;
v0x7fe31ce1a280_0 .net "valid_out", 0 0, v0x7fe31ce19a20_0;  1 drivers
S_0x7fe31ce05290 .scope module, "solver" "fifo_solver" 3 23, 4 6 0, S_0x7fe31ce05120;
 .timescale -9 -12;
    .port_info 0 /INPUT 1 "clk";
    .port_info 1 /INPUT 1 "rst";
    .port_info 2 /INPUT 3 "option";
    .port_info 3 /INPUT 3 "line_ind";
    .port_info 4 /INPUT 1 "valid_op";
    .port_info 5 /INPUT 1 "row";
    .port_info 6 /INPUT 4 "option_num";
    .port_info 7 /OUTPUT 9 "assigned";
    .port_info 8 /OUTPUT 1 "put_back_to_FIFO";
    .port_info 9 /OUTPUT 1 "new_option_num";
    .port_info 10 /OUTPUT 1 "valid_out";
P_0x7fe31ce05450 .param/l "SIZE" 0 4 20, +C4<00000000000000000000000000000011>;
v0x7fe31ce18d50_0 .var "assi_simp", 2 0;
v0x7fe31ce18e00_0 .var "assigned", 8 0;
v0x7fe31ce18e90_0 .net "assigned_t", 8 0, L_0x7fe31ce1a8f0;  1 drivers
v0x7fe31ce18f40_0 .net "clk", 0 0, v0x7fe31ce19bf0_0;  1 drivers
v0x7fe31ce18ff0_0 .net "contradict", 0 0, v0x7fe31ce188e0_0;  1 drivers
v0x7fe31ce190c0_0 .var "known", 8 0;
v0x7fe31ce19170_0 .var "known_simp", 2 0;
v0x7fe31ce19220_0 .net "known_t", 8 0, L_0x7fe31ce1b250;  1 drivers
v0x7fe31ce192d0_0 .net "line_ind", 2 0, v0x7fe31ce19c80_0;  1 drivers
v0x7fe31ce19400_0 .var "new_option_num", 0 0;
v0x7fe31ce194a0_0 .net "option", 2 0, v0x7fe31ce19dc0_0;  1 drivers
v0x7fe31ce19560_0 .net "option_num", 3 0, v0x7fe31ce19ed0_0;  1 drivers
v0x7fe31ce195f0_0 .var "put_back_to_FIFO", 0 0;
v0x7fe31ce19680_0 .net "row", 0 0, v0x7fe31ce19ff0_0;  1 drivers
v0x7fe31ce19710_0 .net "rst", 0 0, v0x7fe31ce1a0a0_0;  1 drivers
v0x7fe31ce197c0_0 .net "simp_valid", 0 0, v0x7fe31ce18b50_0;  1 drivers
v0x7fe31ce19870_0 .net "valid_op", 0 0, v0x7fe31ce1a1b0_0;  1 drivers
v0x7fe31ce19a20_0 .var "valid_out", 0 0;
E_0x7fe31ce04ce0 .event posedge, v0x7fe31ce18840_0;
E_0x7fe31ce056d0/0 .event edge, v0x7fe31ce19680_0, v0x7fe31ce192d0_0, v0x7fe31ce18e00_0, v0x7fe31ce190c0_0;
E_0x7fe31ce056d0/1 .event edge, v0x7fe31ce18e90_0, v0x7fe31ce19220_0;
E_0x7fe31ce056d0 .event/or E_0x7fe31ce056d0/0, E_0x7fe31ce056d0/1;
L_0x7fe31ce1a310 .part v0x7fe31ce190c0_0, 0, 1;
L_0x7fe31ce1a3b0 .part v0x7fe31ce18e00_0, 0, 1;
L_0x7fe31ce1a4b0 .part v0x7fe31ce190c0_0, 1, 1;
L_0x7fe31ce1a590 .part v0x7fe31ce18e00_0, 1, 1;
L_0x7fe31ce1a650 .part v0x7fe31ce190c0_0, 2, 1;
L_0x7fe31ce1a710 .part v0x7fe31ce18e00_0, 2, 1;
L_0x7fe31ce1a850 .part v0x7fe31ce190c0_0, 3, 1;
L_0x7fe31ce1a990 .part v0x7fe31ce18e00_0, 3, 1;
L_0x7fe31ce1aa30 .part v0x7fe31ce190c0_0, 4, 1;
L_0x7fe31ce1ab20 .part v0x7fe31ce18e00_0, 4, 1;
L_0x7fe31ce1abc0 .part v0x7fe31ce190c0_0, 5, 1;
L_0x7fe31ce1acc0 .part v0x7fe31ce18e00_0, 5, 1;
L_0x7fe31ce1ad60 .part v0x7fe31ce190c0_0, 6, 1;
L_0x7fe31ce1ae70 .part v0x7fe31ce18e00_0, 6, 1;
L_0x7fe31ce1b010 .part v0x7fe31ce190c0_0, 7, 1;
L_0x7fe31ce1b1b0 .part v0x7fe31ce18e00_0, 7, 1;
LS_0x7fe31ce1b250_0_0 .concat8 [ 1 1 1 1], L_0x7fe31ce1a310, L_0x7fe31ce1a850, L_0x7fe31ce1ad60, L_0x7fe31ce1a4b0;
LS_0x7fe31ce1b250_0_4 .concat8 [ 1 1 1 1], L_0x7fe31ce1aa30, L_0x7fe31ce1b010, L_0x7fe31ce1a650, L_0x7fe31ce1abc0;
LS_0x7fe31ce1b250_0_8 .concat8 [ 1 0 0 0], L_0x7fe31ce1b500;
L_0x7fe31ce1b250 .concat8 [ 4 4 1 0], LS_0x7fe31ce1b250_0_0, LS_0x7fe31ce1b250_0_4, LS_0x7fe31ce1b250_0_8;
L_0x7fe31ce1b500 .part v0x7fe31ce190c0_0, 8, 1;
LS_0x7fe31ce1a8f0_0_0 .concat8 [ 1 1 1 1], L_0x7fe31ce1a3b0, L_0x7fe31ce1a990, L_0x7fe31ce1ae70, L_0x7fe31ce1a590;
LS_0x7fe31ce1a8f0_0_4 .concat8 [ 1 1 1 1], L_0x7fe31ce1ab20, L_0x7fe31ce1b1b0, L_0x7fe31ce1a710, L_0x7fe31ce1acc0;
LS_0x7fe31ce1a8f0_0_8 .concat8 [ 1 0 0 0], L_0x7fe31ce1b810;
L_0x7fe31ce1a8f0 .concat8 [ 4 4 1 0], LS_0x7fe31ce1a8f0_0_0, LS_0x7fe31ce1a8f0_0_4, LS_0x7fe31ce1a8f0_0_8;
L_0x7fe31ce1b810 .part v0x7fe31ce18e00_0, 8, 1;
S_0x7fe31ce05730 .scope begin, "$ivl_for_loop0" "$ivl_for_loop0" 4 89, 4 89 0, S_0x7fe31ce05290;
 .timescale -9 -12;
v0x7fe31ce05900_0 .var/i "row", 31 0;
S_0x7fe31ce159c0 .scope generate, "genblk1[0]" "genblk1[0]" 4 48, 4 48 0, S_0x7fe31ce05290;
 .timescale -9 -12;
P_0x7fe31ce054d0 .param/l "m" 0 4 48, +C4<00>;
S_0x7fe31ce15bb0 .scope generate, "genblk2[0]" "genblk2[0]" 4 49, 4 49 0, S_0x7fe31ce159c0;
 .timescale -9 -12;
P_0x7fe31ce15d80 .param/l "n" 0 4 49, +C4<00>;
v0x7fe31ce15e20_0 .net *"_ivl_0", 0 0, L_0x7fe31ce1a310;  1 drivers
v0x7fe31ce15ed0_0 .net *"_ivl_1", 0 0, L_0x7fe31ce1a3b0;  1 drivers
S_0x7fe31ce15f80 .scope generate, "genblk2[1]" "genblk2[1]" 4 49, 4 49 0, S_0x7fe31ce159c0;
 .timescale -9 -12;
P_0x7fe31ce16160 .param/l "n" 0 4 49, +C4<01>;
v0x7fe31ce161f0_0 .net *"_ivl_0", 0 0, L_0x7fe31ce1a4b0;  1 drivers
v0x7fe31ce162a0_0 .net *"_ivl_1", 0 0, L_0x7fe31ce1a590;  1 drivers
S_0x7fe31ce16350 .scope generate, "genblk2[2]" "genblk2[2]" 4 49, 4 49 0, S_0x7fe31ce159c0;
 .timescale -9 -12;
P_0x7fe31ce16540 .param/l "n" 0 4 49, +C4<010>;
v0x7fe31ce165d0_0 .net *"_ivl_0", 0 0, L_0x7fe31ce1a650;  1 drivers
v0x7fe31ce16680_0 .net *"_ivl_1", 0 0, L_0x7fe31ce1a710;  1 drivers
S_0x7fe31ce16730 .scope generate, "genblk1[1]" "genblk1[1]" 4 48, 4 48 0, S_0x7fe31ce05290;
 .timescale -9 -12;
P_0x7fe31ce16920 .param/l "m" 0 4 48, +C4<01>;
S_0x7fe31ce169b0 .scope generate, "genblk2[0]" "genblk2[0]" 4 49, 4 49 0, S_0x7fe31ce16730;
 .timescale -9 -12;
P_0x7fe31ce16b80 .param/l "n" 0 4 49, +C4<00>;
v0x7fe31ce16c20_0 .net *"_ivl_0", 0 0, L_0x7fe31ce1a850;  1 drivers
v0x7fe31ce16cd0_0 .net *"_ivl_1", 0 0, L_0x7fe31ce1a990;  1 drivers
S_0x7fe31ce16d80 .scope generate, "genblk2[1]" "genblk2[1]" 4 49, 4 49 0, S_0x7fe31ce16730;
 .timescale -9 -12;
P_0x7fe31ce16f60 .param/l "n" 0 4 49, +C4<01>;
v0x7fe31ce16ff0_0 .net *"_ivl_0", 0 0, L_0x7fe31ce1aa30;  1 drivers
v0x7fe31ce170a0_0 .net *"_ivl_1", 0 0, L_0x7fe31ce1ab20;  1 drivers
S_0x7fe31ce17150 .scope generate, "genblk2[2]" "genblk2[2]" 4 49, 4 49 0, S_0x7fe31ce16730;
 .timescale -9 -12;
P_0x7fe31ce17340 .param/l "n" 0 4 49, +C4<010>;
v0x7fe31ce173d0_0 .net *"_ivl_0", 0 0, L_0x7fe31ce1abc0;  1 drivers
v0x7fe31ce17480_0 .net *"_ivl_1", 0 0, L_0x7fe31ce1acc0;  1 drivers
S_0x7fe31ce17530 .scope generate, "genblk1[2]" "genblk1[2]" 4 48, 4 48 0, S_0x7fe31ce05290;
 .timescale -9 -12;
P_0x7fe31ce17700 .param/l "m" 0 4 48, +C4<010>;
S_0x7fe31ce177a0 .scope generate, "genblk2[0]" "genblk2[0]" 4 49, 4 49 0, S_0x7fe31ce17530;
 .timescale -9 -12;
P_0x7fe31ce17970 .param/l "n" 0 4 49, +C4<00>;
v0x7fe31ce17a10_0 .net *"_ivl_0", 0 0, L_0x7fe31ce1ad60;  1 drivers
v0x7fe31ce17ac0_0 .net *"_ivl_1", 0 0, L_0x7fe31ce1ae70;  1 drivers
S_0x7fe31ce17b70 .scope generate, "genblk2[1]" "genblk2[1]" 4 49, 4 49 0, S_0x7fe31ce17530;
 .timescale -9 -12;
P_0x7fe31ce17d50 .param/l "n" 0 4 49, +C4<01>;
v0x7fe31ce17de0_0 .net *"_ivl_0", 0 0, L_0x7fe31ce1b010;  1 drivers
v0x7fe31ce17e90_0 .net *"_ivl_1", 0 0, L_0x7fe31ce1b1b0;  1 drivers
S_0x7fe31ce17f40 .scope generate, "genblk2[2]" "genblk2[2]" 4 49, 4 49 0, S_0x7fe31ce17530;
 .timescale -9 -12;
P_0x7fe31ce18130 .param/l "n" 0 4 49, +C4<010>;
v0x7fe31ce181c0_0 .net *"_ivl_0", 0 0, L_0x7fe31ce1b500;  1 drivers
v0x7fe31ce18270_0 .net *"_ivl_1", 0 0, L_0x7fe31ce1b810;  1 drivers
S_0x7fe31ce18320 .scope module, "simplify_m" "simplify" 4 29, 5 4 0, S_0x7fe31ce05290;
 .timescale -9 -12;
    .port_info 0 /INPUT 1 "clk";
    .port_info 1 /INPUT 1 "rst";
    .port_info 2 /INPUT 1 "valid_in";
    .port_info 3 /INPUT 3 "assigned";
    .port_info 4 /INPUT 3 "known";
    .port_info 5 /INPUT 3 "option";
    .port_info 6 /OUTPUT 1 "valid";
    .port_info 7 /OUTPUT 1 "contradict";
P_0x7fe31ce18520 .param/l "size" 0 5 4, +C4<00000000000000000000000000000011>;
v0x7fe31ce18780_0 .net "assigned", 2 0, v0x7fe31ce18d50_0;  1 drivers
v0x7fe31ce18840_0 .net "clk", 0 0, v0x7fe31ce19bf0_0;  alias, 1 drivers
v0x7fe31ce188e0_0 .var "contradict", 0 0;
v0x7fe31ce18970_0 .net "known", 2 0, v0x7fe31ce19170_0;  1 drivers
v0x7fe31ce18a00_0 .net "option", 2 0, v0x7fe31ce19dc0_0;  alias, 1 drivers
v0x7fe31ce18ab0_0 .net "rst", 0 0, v0x7fe31ce1a0a0_0;  alias, 1 drivers
v0x7fe31ce18b50_0 .var "valid", 0 0;
v0x7fe31ce18bf0_0 .net "valid_in", 0 0, v0x7fe31ce1a1b0_0;  alias, 1 drivers
E_0x7fe31ce18720 .event edge, v0x7fe31ce18bf0_0, v0x7fe31ce18780_0, v0x7fe31ce18a00_0, v0x7fe31ce18970_0;
    .scope S_0x7fe31ce18320;
T_0 ;
Ewait_0 .event/or E_0x7fe31ce18720, E_0x0;
    %wait Ewait_0;
    %load/vec4 v0x7fe31ce18bf0_0;
    %flag_set/vec4 8;
    %jmp/0xz  T_0.0, 8;
    %load/vec4 v0x7fe31ce18780_0;
    %pad/u 32;
    %load/vec4 v0x7fe31ce18a00_0;
    %pad/u 32;
    %xor;
    %load/vec4 v0x7fe31ce18970_0;
    %pad/u 32;
    %and;
    %cmpi/u 0, 0, 32;
    %flag_or 5, 4; GT is !LE
    %flag_inv 5;
    %jmp/0xz  T_0.2, 5;
    %pushi/vec4 1, 0, 1;
    %store/vec4 v0x7fe31ce188e0_0, 0, 1;
    %jmp T_0.3;
T_0.2 ;
    %pushi/vec4 0, 0, 1;
    %store/vec4 v0x7fe31ce188e0_0, 0, 1;
T_0.3 ;
    %pushi/vec4 1, 0, 1;
    %store/vec4 v0x7fe31ce18b50_0, 0, 1;
    %jmp T_0.1;
T_0.0 ;
    %pushi/vec4 0, 0, 1;
    %store/vec4 v0x7fe31ce18b50_0, 0, 1;
T_0.1 ;
    %jmp T_0;
    .thread T_0, $push;
    .scope S_0x7fe31ce05290;
T_1 ;
Ewait_1 .event/or E_0x7fe31ce056d0, E_0x0;
    %wait Ewait_1;
    %load/vec4 v0x7fe31ce19680_0;
    %flag_set/vec4 8;
    %jmp/0xz  T_1.0, 8;
    %load/vec4 v0x7fe31ce18e00_0;
    %pushi/vec4 3, 0, 32;
    %load/vec4 v0x7fe31ce192d0_0;
    %pad/u 32;
    %sub;
    %pad/u 34;
    %muli 3, 0, 34;
    %part/u 3;
    %store/vec4 v0x7fe31ce18d50_0, 0, 3;
    %load/vec4 v0x7fe31ce190c0_0;
    %pushi/vec4 3, 0, 32;
    %load/vec4 v0x7fe31ce192d0_0;
    %pad/u 32;
    %sub;
    %pad/u 34;
    %muli 3, 0, 34;
    %part/u 3;
    %store/vec4 v0x7fe31ce19170_0, 0, 3;
    %jmp T_1.1;
T_1.0 ;
    %load/vec4 v0x7fe31ce18e90_0;
    %pushi/vec4 3, 0, 32;
    %load/vec4 v0x7fe31ce192d0_0;
    %pad/u 32;
    %sub;
    %pad/u 34;
    %muli 3, 0, 34;
    %part/u 3;
    %store/vec4 v0x7fe31ce18d50_0, 0, 3;
    %load/vec4 v0x7fe31ce19220_0;
    %pushi/vec4 3, 0, 32;
    %load/vec4 v0x7fe31ce192d0_0;
    %pad/u 32;
    %sub;
    %pad/u 34;
    %muli 3, 0, 34;
    %part/u 3;
    %store/vec4 v0x7fe31ce19170_0, 0, 3;
T_1.1 ;
    %jmp T_1;
    .thread T_1, $push;
    .scope S_0x7fe31ce05290;
T_2 ;
    %wait E_0x7fe31ce04ce0;
    %load/vec4 v0x7fe31ce19710_0;
    %flag_set/vec4 8;
    %jmp/0xz  T_2.0, 8;
    %pushi/vec4 0, 0, 9;
    %assign/vec4 v0x7fe31ce190c0_0, 0;
    %pushi/vec4 0, 0, 9;
    %assign/vec4 v0x7fe31ce18e00_0, 0;
    %pushi/vec4 0, 0, 1;
    %assign/vec4 v0x7fe31ce19a20_0, 0;
    %jmp T_2.1;
T_2.0 ;
    %load/vec4 v0x7fe31ce19560_0;
    %pad/u 32;
    %pushi/vec4 1, 0, 32;
    %cmp/e;
    %flag_get/vec4 4;
    %load/vec4 v0x7fe31ce19870_0;
    %and;
    %flag_set/vec4 8;
    %jmp/0xz  T_2.2, 8;
    %pushi/vec4 0, 0, 1;
    %assign/vec4 v0x7fe31ce195f0_0, 0;
    %load/vec4 v0x7fe31ce19680_0;
    %flag_set/vec4 8;
    %jmp/0xz  T_2.4, 8;
    %pushi/vec4 7, 0, 3;
    %ix/load 5, 0, 0;
    %load/vec4 v0x7fe31ce192d0_0;
    %pad/u 5;
    %muli 3, 0, 5;
    %ix/vec4 4;
    %assign/vec4/off/d v0x7fe31ce190c0_0, 4, 5;
    %load/vec4 v0x7fe31ce194a0_0;
    %ix/load 5, 0, 0;
    %load/vec4 v0x7fe31ce192d0_0;
    %pad/u 5;
    %muli 3, 0, 5;
    %ix/vec4 4;
    %assign/vec4/off/d v0x7fe31ce18e00_0, 4, 5;
    %jmp T_2.5;
T_2.4 ;
    %fork t_1, S_0x7fe31ce05730;
    %jmp t_0;
    .scope S_0x7fe31ce05730;
t_1 ;
    %pushi/vec4 0, 0, 32;
    %store/vec4 v0x7fe31ce05900_0, 0, 32;
T_2.6 ;
    %load/vec4 v0x7fe31ce05900_0;
    %cmpi/s 3, 0, 32;
    %jmp/0xz T_2.7, 5;
    %pushi/vec4 1, 0, 3;
    %ix/load 5, 0, 0;
    %load/vec4 v0x7fe31ce05900_0;
    %muli 3, 0, 32;
    %load/vec4 v0x7fe31ce192d0_0;
    %pad/u 32;
    %add;
    %pad/u 34;
    %muli 3, 0, 34;
    %ix/vec4 4;
    %assign/vec4/off/d v0x7fe31ce190c0_0, 4, 5;
    %load/vec4 v0x7fe31ce194a0_0;
    %load/vec4 v0x7fe31ce05900_0;
    %part/s 1;
    %pad/u 3;
    %ix/load 5, 0, 0;
    %load/vec4 v0x7fe31ce05900_0;
    %muli 3, 0, 32;
    %load/vec4 v0x7fe31ce192d0_0;
    %pad/u 32;
    %add;
    %pad/u 34;
    %muli 3, 0, 34;
    %ix/vec4 4;
    %assign/vec4/off/d v0x7fe31ce18e00_0, 4, 5;
    %load/vec4 v0x7fe31ce05900_0;
    %addi 1, 0, 32;
    %store/vec4 v0x7fe31ce05900_0, 0, 32;
    %jmp T_2.6;
T_2.7 ;
    %end;
    .scope S_0x7fe31ce05290;
t_0 %join;
T_2.5 ;
    %pushi/vec4 1, 0, 1;
    %assign/vec4 v0x7fe31ce19a20_0, 0;
    %jmp T_2.3;
T_2.2 ;
    %load/vec4 v0x7fe31ce197c0_0;
    %flag_set/vec4 8;
    %jmp/0xz  T_2.8, 8;
    %load/vec4 v0x7fe31ce18ff0_0;
    %flag_set/vec4 8;
    %jmp/0xz  T_2.10, 8;
    %pushi/vec4 0, 0, 1;
    %assign/vec4 v0x7fe31ce195f0_0, 0;
    %load/vec4 v0x7fe31ce19560_0;
    %subi 1, 0, 4;
    %pad/u 1;
    %assign/vec4 v0x7fe31ce19400_0, 0;
    %jmp T_2.11;
T_2.10 ;
    %pushi/vec4 1, 0, 1;
    %assign/vec4 v0x7fe31ce195f0_0, 0;
T_2.11 ;
    %pushi/vec4 1, 0, 1;
    %assign/vec4 v0x7fe31ce19a20_0, 0;
T_2.8 ;
T_2.3 ;
T_2.1 ;
    %jmp T_2;
    .thread T_2;
    .scope S_0x7fe31ce05120;
T_3 ;
    %delay 5000, 0;
    %load/vec4 v0x7fe31ce19bf0_0;
    %nor/r;
    %store/vec4 v0x7fe31ce19bf0_0, 0, 1;
    %jmp T_3;
    .thread T_3;
    .scope S_0x7fe31ce05120;
T_4 ;
    %vpi_call/w 3 44 "$dumpfile", "fifo_solv.vcd" {0 0 0};
    %vpi_call/w 3 45 "$dumpvars", 32'sb00000000000000000000000000000000, S_0x7fe31ce05120 {0 0 0};
    %vpi_call/w 3 46 "$display", "Starting Sim FIFO Solver" {0 0 0};
    %pushi/vec4 0, 0, 1;
    %store/vec4 v0x7fe31ce19bf0_0, 0, 1;
    %pushi/vec4 0, 0, 1;
    %store/vec4 v0x7fe31ce1a0a0_0, 0, 1;
    %delay 5000, 0;
    %pushi/vec4 1, 0, 1;
    %store/vec4 v0x7fe31ce1a0a0_0, 0, 1;
    %delay 10000, 0;
    %pushi/vec4 0, 0, 1;
    %store/vec4 v0x7fe31ce1a0a0_0, 0, 1;
    %delay 10000, 0;
    %pushi/vec4 4, 0, 3;
    %store/vec4 v0x7fe31ce19dc0_0, 0, 3;
    %pushi/vec4 3, 0, 4;
    %store/vec4 v0x7fe31ce19ed0_0, 0, 4;
    %pushi/vec4 0, 0, 3;
    %store/vec4 v0x7fe31ce19c80_0, 0, 3;
    %pushi/vec4 1, 0, 1;
    %store/vec4 v0x7fe31ce1a1b0_0, 0, 1;
    %pushi/vec4 1, 0, 1;
    %store/vec4 v0x7fe31ce19ff0_0, 0, 1;
    %delay 10000, 0;
    %delay 10000, 0;
    %pushi/vec4 2, 0, 3;
    %store/vec4 v0x7fe31ce19dc0_0, 0, 3;
    %pushi/vec4 2, 0, 4;
    %store/vec4 v0x7fe31ce19ed0_0, 0, 4;
    %pushi/vec4 0, 0, 3;
    %store/vec4 v0x7fe31ce19c80_0, 0, 3;
    %pushi/vec4 1, 0, 1;
    %store/vec4 v0x7fe31ce1a1b0_0, 0, 1;
    %pushi/vec4 1, 0, 1;
    %store/vec4 v0x7fe31ce19ff0_0, 0, 1;
    %delay 10000, 0;
    %delay 10000, 0;
    %pushi/vec4 1, 0, 3;
    %store/vec4 v0x7fe31ce19dc0_0, 0, 3;
    %pushi/vec4 1, 0, 4;
    %store/vec4 v0x7fe31ce19ed0_0, 0, 4;
    %pushi/vec4 0, 0, 3;
    %store/vec4 v0x7fe31ce19c80_0, 0, 3;
    %pushi/vec4 1, 0, 1;
    %store/vec4 v0x7fe31ce1a1b0_0, 0, 1;
    %pushi/vec4 1, 0, 1;
    %store/vec4 v0x7fe31ce19ff0_0, 0, 1;
    %delay 10000, 0;
    %delay 10000, 0;
    %pushi/vec4 4, 0, 3;
    %store/vec4 v0x7fe31ce19dc0_0, 0, 3;
    %pushi/vec4 3, 0, 4;
    %store/vec4 v0x7fe31ce19ed0_0, 0, 4;
    %pushi/vec4 3, 0, 3;
    %store/vec4 v0x7fe31ce19c80_0, 0, 3;
    %pushi/vec4 1, 0, 1;
    %store/vec4 v0x7fe31ce1a1b0_0, 0, 1;
    %pushi/vec4 0, 0, 1;
    %store/vec4 v0x7fe31ce19ff0_0, 0, 1;
    %vpi_call/w 3 92 "$display", "assigned %d", v0x7fe31ce19b10_0 {0 0 0};
    %delay 10000, 0;
    %delay 10000, 0;
    %pushi/vec4 2, 0, 3;
    %store/vec4 v0x7fe31ce19dc0_0, 0, 3;
    %pushi/vec4 2, 0, 4;
    %store/vec4 v0x7fe31ce19ed0_0, 0, 4;
    %pushi/vec4 1, 0, 3;
    %store/vec4 v0x7fe31ce19c80_0, 0, 3;
    %pushi/vec4 1, 0, 1;
    %store/vec4 v0x7fe31ce1a1b0_0, 0, 1;
    %pushi/vec4 1, 0, 1;
    %store/vec4 v0x7fe31ce19ff0_0, 0, 1;
    %delay 10000, 0;
    %delay 10000, 0;
    %pushi/vec4 1, 0, 3;
    %store/vec4 v0x7fe31ce19dc0_0, 0, 3;
    %pushi/vec4 1, 0, 4;
    %store/vec4 v0x7fe31ce19ed0_0, 0, 4;
    %pushi/vec4 1, 0, 3;
    %store/vec4 v0x7fe31ce19c80_0, 0, 3;
    %pushi/vec4 1, 0, 1;
    %store/vec4 v0x7fe31ce1a1b0_0, 0, 1;
    %pushi/vec4 1, 0, 1;
    %store/vec4 v0x7fe31ce19ff0_0, 0, 1;
    %vpi_call/w 3 110 "$display", "assigned 2 %d", v0x7fe31ce19b10_0 {0 0 0};
    %vpi_call/w 3 118 "$display", "Finishing Sim" {0 0 0};
    %vpi_call/w 3 119 "$finish" {0 0 0};
    %end;
    .thread T_4;
# The file index is used to find the file name in the following table.
:file_names 6;
    "N/A";
    "<interactive>";
    "-";
    "sim/FIFO_tb.sv";
    "src/FIFO_solver.sv";
    "src/simplify.sv";
